Analysis & Synthesis report for parte3
Mon Aug 23 10:19:05 2021
Quartus II 64-Bit Version 13.0.1 Build 232 06/12/2013 Service Pack 1 SJ Web Edition


---------------------
; Table of Contents ;
---------------------
  1. Legal Notice
  2. Analysis & Synthesis Summary
  3. Analysis & Synthesis Settings
  4. Parallel Compilation
  5. Analysis & Synthesis Source Files Read
  6. Analysis & Synthesis Resource Usage Summary
  7. Analysis & Synthesis Resource Utilization by Entity
  8. Analysis & Synthesis IP Cores Summary
  9. Registers Removed During Synthesis
 10. Removed Registers Triggering Further Register Optimizations
 11. General Register Statistics
 12. Source assignments for cacheL1:cache|ram:RAM|altsyncram:altsyncram_component|altsyncram_7de1:auto_generated
 13. Parameter Settings for User Entity Instance: cacheL1:cache|ram:RAM|altsyncram:altsyncram_component
 14. altsyncram Parameter Settings by Entity Instance
 15. Elapsed Time Per Partition
 16. Analysis & Synthesis Messages



----------------
; Legal Notice ;
----------------
Copyright (C) 1991-2013 Altera Corporation
Your use of Altera Corporation's design tools, logic functions 
and other software and tools, and its AMPP partner logic 
functions, and any output files from any of the foregoing 
(including device programming or simulation files), and any 
associated documentation or information are expressly subject 
to the terms and conditions of the Altera Program License 
Subscription Agreement, Altera MegaCore Function License 
Agreement, or other applicable license agreement, including, 
without limitation, that your use is for the sole purpose of 
programming logic devices manufactured by Altera and sold by 
Altera or its authorized distributors.  Please refer to the 
applicable agreement for further details.



+--------------------------------------------------------------------------------------+
; Analysis & Synthesis Summary                                                         ;
+------------------------------------+-------------------------------------------------+
; Analysis & Synthesis Status        ; Successful - Mon Aug 23 10:19:05 2021           ;
; Quartus II 64-Bit Version          ; 13.0.1 Build 232 06/12/2013 SP 1 SJ Web Edition ;
; Revision Name                      ; parte3                                          ;
; Top-level Entity Name              ; parte3                                          ;
; Family                             ; Cyclone II                                      ;
; Total logic elements               ; 0                                               ;
;     Total combinational functions  ; 0                                               ;
;     Dedicated logic registers      ; 0                                               ;
; Total registers                    ; 0                                               ;
; Total pins                         ; 23                                              ;
; Total virtual pins                 ; 0                                               ;
; Total memory bits                  ; 0                                               ;
; Embedded Multiplier 9-bit elements ; 0                                               ;
; Total PLLs                         ; 0                                               ;
+------------------------------------+-------------------------------------------------+


+----------------------------------------------------------------------------------------------------------------------+
; Analysis & Synthesis Settings                                                                                        ;
+----------------------------------------------------------------------------+--------------------+--------------------+
; Option                                                                     ; Setting            ; Default Value      ;
+----------------------------------------------------------------------------+--------------------+--------------------+
; Device                                                                     ; EP2C35F672C6       ;                    ;
; Top-level entity name                                                      ; parte3             ; parte3             ;
; Family name                                                                ; Cyclone II         ; Cyclone IV GX      ;
; Use smart compilation                                                      ; Off                ; Off                ;
; Enable parallel Assembler and TimeQuest Timing Analyzer during compilation ; On                 ; On                 ;
; Enable compact report table                                                ; Off                ; Off                ;
; Restructure Multiplexers                                                   ; Auto               ; Auto               ;
; Create Debugging Nodes for IP Cores                                        ; Off                ; Off                ;
; Preserve fewer node names                                                  ; On                 ; On                 ;
; Disable OpenCore Plus hardware evaluation                                  ; Off                ; Off                ;
; Verilog Version                                                            ; Verilog_2001       ; Verilog_2001       ;
; VHDL Version                                                               ; VHDL_1993          ; VHDL_1993          ;
; State Machine Processing                                                   ; Auto               ; Auto               ;
; Safe State Machine                                                         ; Off                ; Off                ;
; Extract Verilog State Machines                                             ; On                 ; On                 ;
; Extract VHDL State Machines                                                ; On                 ; On                 ;
; Ignore Verilog initial constructs                                          ; Off                ; Off                ;
; Iteration limit for constant Verilog loops                                 ; 5000               ; 5000               ;
; Iteration limit for non-constant Verilog loops                             ; 250                ; 250                ;
; Add Pass-Through Logic to Inferred RAMs                                    ; On                 ; On                 ;
; Infer RAMs from Raw Logic                                                  ; On                 ; On                 ;
; Parallel Synthesis                                                         ; On                 ; On                 ;
; DSP Block Balancing                                                        ; Auto               ; Auto               ;
; NOT Gate Push-Back                                                         ; On                 ; On                 ;
; Power-Up Don't Care                                                        ; On                 ; On                 ;
; Remove Redundant Logic Cells                                               ; Off                ; Off                ;
; Remove Duplicate Registers                                                 ; On                 ; On                 ;
; Ignore CARRY Buffers                                                       ; Off                ; Off                ;
; Ignore CASCADE Buffers                                                     ; Off                ; Off                ;
; Ignore GLOBAL Buffers                                                      ; Off                ; Off                ;
; Ignore ROW GLOBAL Buffers                                                  ; Off                ; Off                ;
; Ignore LCELL Buffers                                                       ; Off                ; Off                ;
; Ignore SOFT Buffers                                                        ; On                 ; On                 ;
; Limit AHDL Integers to 32 Bits                                             ; Off                ; Off                ;
; Optimization Technique                                                     ; Balanced           ; Balanced           ;
; Carry Chain Length                                                         ; 70                 ; 70                 ;
; Auto Carry Chains                                                          ; On                 ; On                 ;
; Auto Open-Drain Pins                                                       ; On                 ; On                 ;
; Perform WYSIWYG Primitive Resynthesis                                      ; Off                ; Off                ;
; Auto ROM Replacement                                                       ; On                 ; On                 ;
; Auto RAM Replacement                                                       ; On                 ; On                 ;
; Auto Shift Register Replacement                                            ; Auto               ; Auto               ;
; Allow Shift Register Merging across Hierarchies                            ; Auto               ; Auto               ;
; Auto Clock Enable Replacement                                              ; On                 ; On                 ;
; Strict RAM Replacement                                                     ; Off                ; Off                ;
; Allow Synchronous Control Signals                                          ; On                 ; On                 ;
; Force Use of Synchronous Clear Signals                                     ; Off                ; Off                ;
; Auto RAM to Logic Cell Conversion                                          ; Off                ; Off                ;
; Auto Resource Sharing                                                      ; Off                ; Off                ;
; Allow Any RAM Size For Recognition                                         ; Off                ; Off                ;
; Allow Any ROM Size For Recognition                                         ; Off                ; Off                ;
; Allow Any Shift Register Size For Recognition                              ; Off                ; Off                ;
; Use LogicLock Constraints during Resource Balancing                        ; On                 ; On                 ;
; Ignore translate_off and synthesis_off directives                          ; Off                ; Off                ;
; Timing-Driven Synthesis                                                    ; Off                ; Off                ;
; Report Parameter Settings                                                  ; On                 ; On                 ;
; Report Source Assignments                                                  ; On                 ; On                 ;
; Report Connectivity Checks                                                 ; On                 ; On                 ;
; Ignore Maximum Fan-Out Assignments                                         ; Off                ; Off                ;
; Synchronization Register Chain Length                                      ; 2                  ; 2                  ;
; PowerPlay Power Optimization                                               ; Normal compilation ; Normal compilation ;
; HDL message level                                                          ; Level2             ; Level2             ;
; Suppress Register Optimization Related Messages                            ; Off                ; Off                ;
; Number of Removed Registers Reported in Synthesis Report                   ; 5000               ; 5000               ;
; Number of Swept Nodes Reported in Synthesis Report                         ; 5000               ; 5000               ;
; Number of Inverted Registers Reported in Synthesis Report                  ; 100                ; 100                ;
; Clock MUX Protection                                                       ; On                 ; On                 ;
; Auto Gated Clock Conversion                                                ; Off                ; Off                ;
; Block Design Naming                                                        ; Auto               ; Auto               ;
; SDC constraint protection                                                  ; Off                ; Off                ;
; Synthesis Effort                                                           ; Auto               ; Auto               ;
; Shift Register Replacement - Allow Asynchronous Clear Signal               ; On                 ; On                 ;
; Pre-Mapping Resynthesis Optimization                                       ; Off                ; Off                ;
; Analysis & Synthesis Message Level                                         ; Medium             ; Medium             ;
; Disable Register Merging Across Hierarchies                                ; Auto               ; Auto               ;
; Resource Aware Inference For Block RAM                                     ; On                 ; On                 ;
; Synthesis Seed                                                             ; 1                  ; 1                  ;
+----------------------------------------------------------------------------+--------------------+--------------------+


Parallel compilation was disabled, but you have multiple processors available. Enable parallel compilation to reduce compilation time.
+-------------------------------------+
; Parallel Compilation                ;
+----------------------------+--------+
; Processors                 ; Number ;
+----------------------------+--------+
; Number detected on machine ; 16     ;
; Maximum allowed            ; 1      ;
+----------------------------+--------+


+----------------------------------------------------------------------------------------------------------------------------------------------------------------------------------------------------+
; Analysis & Synthesis Source Files Read                                                                                                                                                             ;
+----------------------------------+-----------------+----------------------------------+--------------------------------------------------------------------------------------------------+---------+
; File Name with User-Entered Path ; Used in Netlist ; File Type                        ; File Name with Absolute Path                                                                     ; Library ;
+----------------------------------+-----------------+----------------------------------+--------------------------------------------------------------------------------------------------+---------+
; MIF.mif                          ; yes             ; User Memory Initialization File  ; C:/Users/erick/Downloads/PROJETO 1-20210823T130439Z-001/PROJETO 1/Parte 3/MIF.mif                ;         ;
; ram.v                            ; yes             ; User Wizard-Generated File       ; C:/Users/erick/Downloads/PROJETO 1-20210823T130439Z-001/PROJETO 1/Parte 3/ram.v                  ;         ;
; parte3.v                         ; yes             ; User Verilog HDL File            ; C:/Users/erick/Downloads/PROJETO 1-20210823T130439Z-001/PROJETO 1/Parte 3/parte3.v               ;         ;
; altsyncram.tdf                   ; yes             ; Megafunction                     ; c:/altera/13.0sp1/quartus/libraries/megafunctions/altsyncram.tdf                                 ;         ;
; stratix_ram_block.inc            ; yes             ; Megafunction                     ; c:/altera/13.0sp1/quartus/libraries/megafunctions/stratix_ram_block.inc                          ;         ;
; lpm_mux.inc                      ; yes             ; Megafunction                     ; c:/altera/13.0sp1/quartus/libraries/megafunctions/lpm_mux.inc                                    ;         ;
; lpm_decode.inc                   ; yes             ; Megafunction                     ; c:/altera/13.0sp1/quartus/libraries/megafunctions/lpm_decode.inc                                 ;         ;
; aglobal130.inc                   ; yes             ; Megafunction                     ; c:/altera/13.0sp1/quartus/libraries/megafunctions/aglobal130.inc                                 ;         ;
; a_rdenreg.inc                    ; yes             ; Megafunction                     ; c:/altera/13.0sp1/quartus/libraries/megafunctions/a_rdenreg.inc                                  ;         ;
; altrom.inc                       ; yes             ; Megafunction                     ; c:/altera/13.0sp1/quartus/libraries/megafunctions/altrom.inc                                     ;         ;
; altram.inc                       ; yes             ; Megafunction                     ; c:/altera/13.0sp1/quartus/libraries/megafunctions/altram.inc                                     ;         ;
; altdpram.inc                     ; yes             ; Megafunction                     ; c:/altera/13.0sp1/quartus/libraries/megafunctions/altdpram.inc                                   ;         ;
; db/altsyncram_7de1.tdf           ; yes             ; Auto-Generated Megafunction      ; C:/Users/erick/Downloads/PROJETO 1-20210823T130439Z-001/PROJETO 1/Parte 3/db/altsyncram_7de1.tdf ;         ;
+----------------------------------+-----------------+----------------------------------+--------------------------------------------------------------------------------------------------+---------+


+-----------------------------------------------------+
; Analysis & Synthesis Resource Usage Summary         ;
+---------------------------------------------+-------+
; Resource                                    ; Usage ;
+---------------------------------------------+-------+
;                                             ;       ;
; Total combinational functions               ; 0     ;
; Logic element usage by number of LUT inputs ;       ;
;     -- 4 input functions                    ; 0     ;
;     -- 3 input functions                    ; 0     ;
;     -- <=2 input functions                  ; 0     ;
;                                             ;       ;
; Logic elements by mode                      ;       ;
;     -- normal mode                          ; 0     ;
;     -- arithmetic mode                      ; 0     ;
;                                             ;       ;
; Total registers                             ; 0     ;
;     -- Dedicated logic registers            ; 0     ;
;     -- I/O registers                        ; 0     ;
;                                             ;       ;
; I/O pins                                    ; 23    ;
; Embedded Multiplier 9-bit elements          ; 0     ;
+---------------------------------------------+-------+


+-----------------------------------------------------------------------------------------------------------------------------------------------------------------------------+
; Analysis & Synthesis Resource Utilization by Entity                                                                                                                         ;
+----------------------------+-------------------+--------------+-------------+--------------+---------+-----------+------+--------------+---------------------+--------------+
; Compilation Hierarchy Node ; LC Combinationals ; LC Registers ; Memory Bits ; DSP Elements ; DSP 9x9 ; DSP 18x18 ; Pins ; Virtual Pins ; Full Hierarchy Name ; Library Name ;
+----------------------------+-------------------+--------------+-------------+--------------+---------+-----------+------+--------------+---------------------+--------------+
; |parte3                    ; 0 (0)             ; 0 (0)        ; 0           ; 0            ; 0       ; 0         ; 23   ; 0            ; |parte3             ; work         ;
+----------------------------+-------------------+--------------+-------------+--------------+---------+-----------+------+--------------+---------------------+--------------+
Note: For table entries with two numbers listed, the numbers in parentheses indicate the number of resources of the given type used by the specific entity alone. The numbers listed outside of parentheses indicate the total resources of the given type used by the specific entity and all of its sub-entities in the hierarchy.


+---------------------------------------------------------------------------------------------------------------------------------------------------------------------------------+
; Analysis & Synthesis IP Cores Summary                                                                                                                                           ;
+--------+--------------+---------+--------------+--------------+-------------------------------+---------------------------------------------------------------------------------+
; Vendor ; IP Core Name ; Version ; Release Date ; License Type ; Entity Instance               ; IP Include File                                                                 ;
+--------+--------------+---------+--------------+--------------+-------------------------------+---------------------------------------------------------------------------------+
; Altera ; RAM: 1-PORT  ; 13.0    ; N/A          ; N/A          ; |parte3|cacheL1:cache|ram:RAM ; C:/Users/erick/Downloads/PROJETO 1-20210823T130439Z-001/PROJETO 1/Parte 3/ram.v ;
+--------+--------------+---------+--------------+--------------+-------------------------------+---------------------------------------------------------------------------------+


+--------------------------------------------------------------+
; Registers Removed During Synthesis                           ;
+-----------------------------------------+--------------------+
; Register name                           ; Reason for Removal ;
+-----------------------------------------+--------------------+
; cacheL1:cache|cache[2][1][4]            ; Lost fanout        ;
; cacheL1:cache|cache[2][1][3]            ; Lost fanout        ;
; cacheL1:cache|cache[2][1][2]            ; Lost fanout        ;
; cacheL1:cache|cache[2][1][1]            ; Lost fanout        ;
; cacheL1:cache|cache[2][1][0]            ; Lost fanout        ;
; cacheL1:cache|cache[3][0][7]            ; Lost fanout        ;
; cacheL1:cache|cache[3][0][6]            ; Lost fanout        ;
; cacheL1:cache|cache[3][0][5]            ; Lost fanout        ;
; cacheL1:cache|cache[3][0][4]            ; Lost fanout        ;
; cacheL1:cache|valido[0..3]              ; Lost fanout        ;
; cacheL1:cache|data_RAM[4..7]            ; Lost fanout        ;
; cacheL1:cache|cache[3][0][3]            ; Lost fanout        ;
; cacheL1:cache|data_RAM[0..3]            ; Lost fanout        ;
; cacheL1:cache|cache[3][0][2]            ; Lost fanout        ;
; cacheL1:cache|cache[3][0][1]            ; Lost fanout        ;
; cacheL1:cache|cache[3][0][0]            ; Lost fanout        ;
; cacheL1:cache|cache[3][1][7]            ; Lost fanout        ;
; cacheL1:cache|cache[3][1][6]            ; Lost fanout        ;
; cacheL1:cache|cache[3][1][5]            ; Lost fanout        ;
; cacheL1:cache|cache[3][1][4]            ; Lost fanout        ;
; cacheL1:cache|cache[3][1][3]            ; Lost fanout        ;
; cacheL1:cache|cache[3][1][2]            ; Lost fanout        ;
; cacheL1:cache|cache[3][1][1]            ; Lost fanout        ;
; cacheL1:cache|cache[3][1][0]            ; Lost fanout        ;
; cacheL1:cache|dirty[0..3]               ; Lost fanout        ;
; cacheL1:cache|cacheTAG[0..4]            ; Lost fanout        ;
; cacheL1:cache|cacheVALOR[0..7]          ; Lost fanout        ;
; cacheL1:cache|address_RAM[0..4]         ; Lost fanout        ;
; cacheL1:cache|clock_RAM                 ; Lost fanout        ;
; cacheL1:cache|wren_RAM                  ; Lost fanout        ;
; cacheL1:cache|cache[2][1][5]            ; Lost fanout        ;
; cacheL1:cache|cache[2][1][6]            ; Lost fanout        ;
; cacheL1:cache|cache[2][1][7]            ; Lost fanout        ;
; cacheL1:cache|cache[2][0][0]            ; Lost fanout        ;
; cacheL1:cache|cache[2][0][1]            ; Lost fanout        ;
; cacheL1:cache|cache[2][0][2]            ; Lost fanout        ;
; cacheL1:cache|cache[2][0][3]            ; Lost fanout        ;
; cacheL1:cache|cache[2][0][4]            ; Lost fanout        ;
; cacheL1:cache|cache[2][0][5]            ; Lost fanout        ;
; cacheL1:cache|cache[2][0][6]            ; Lost fanout        ;
; cacheL1:cache|cache[2][0][7]            ; Lost fanout        ;
; cacheL1:cache|cache[1][1][0]            ; Lost fanout        ;
; cacheL1:cache|cache[1][1][1]            ; Lost fanout        ;
; cacheL1:cache|cache[1][1][2]            ; Lost fanout        ;
; cacheL1:cache|cache[1][1][3]            ; Lost fanout        ;
; cacheL1:cache|cache[1][1][4]            ; Lost fanout        ;
; cacheL1:cache|cache[1][1][5]            ; Lost fanout        ;
; cacheL1:cache|cache[1][1][6]            ; Lost fanout        ;
; cacheL1:cache|cache[1][1][7]            ; Lost fanout        ;
; cacheL1:cache|cache[1][0][0]            ; Lost fanout        ;
; cacheL1:cache|cache[1][0][1]            ; Lost fanout        ;
; cacheL1:cache|cache[1][0][2]            ; Lost fanout        ;
; cacheL1:cache|cache[1][0][3]            ; Lost fanout        ;
; cacheL1:cache|cache[1][0][4]            ; Lost fanout        ;
; cacheL1:cache|cache[1][0][5]            ; Lost fanout        ;
; cacheL1:cache|cache[1][0][6]            ; Lost fanout        ;
; cacheL1:cache|cache[1][0][7]            ; Lost fanout        ;
; cacheL1:cache|cache[0][1][0]            ; Lost fanout        ;
; cacheL1:cache|cache[0][1][1]            ; Lost fanout        ;
; cacheL1:cache|cache[0][1][2]            ; Lost fanout        ;
; cacheL1:cache|cache[0][1][3]            ; Lost fanout        ;
; cacheL1:cache|cache[0][1][4]            ; Lost fanout        ;
; cacheL1:cache|cache[0][1][5]            ; Lost fanout        ;
; cacheL1:cache|cache[0][1][6]            ; Lost fanout        ;
; cacheL1:cache|cache[0][1][7]            ; Lost fanout        ;
; cacheL1:cache|cache[0][0][0]            ; Lost fanout        ;
; cacheL1:cache|cache[0][0][1]            ; Lost fanout        ;
; cacheL1:cache|cache[0][0][2]            ; Lost fanout        ;
; cacheL1:cache|cache[0][0][3]            ; Lost fanout        ;
; cacheL1:cache|cache[0][0][4]            ; Lost fanout        ;
; cacheL1:cache|cache[0][0][5]            ; Lost fanout        ;
; cacheL1:cache|cache[0][0][6]            ; Lost fanout        ;
; cacheL1:cache|cache[0][0][7]            ; Lost fanout        ;
; cacheL1:cache|LRU[3][0]                 ; Lost fanout        ;
; cacheL1:cache|LRU[3][1]                 ; Lost fanout        ;
; cacheL1:cache|LRU[2][0]                 ; Lost fanout        ;
; cacheL1:cache|LRU[2][1]                 ; Lost fanout        ;
; cacheL1:cache|LRU[1][0]                 ; Lost fanout        ;
; cacheL1:cache|LRU[1][1]                 ; Lost fanout        ;
; cacheL1:cache|LRU[0][0]                 ; Lost fanout        ;
; cacheL1:cache|LRU[0][1]                 ; Lost fanout        ;
; cacheL1:cache|posicao[0..31]            ; Lost fanout        ;
; Total Number of Removed Registers = 140 ;                    ;
+-----------------------------------------+--------------------+


+---------------------------------------------------------------------------------------------------------------------------------------+
; Removed Registers Triggering Further Register Optimizations                                                                           ;
+------------------------------+--------------------+-----------------------------------------------------------------------------------+
; Register name                ; Reason for Removal ; Registers Removed due to This Register                                            ;
+------------------------------+--------------------+-----------------------------------------------------------------------------------+
; cacheL1:cache|cache[2][1][4] ; Lost Fanouts       ; cacheL1:cache|valido[0], cacheL1:cache|valido[1], cacheL1:cache|valido[2],        ;
;                              ;                    ; cacheL1:cache|valido[3], cacheL1:cache|data_RAM[4], cacheL1:cache|address_RAM[0], ;
;                              ;                    ; cacheL1:cache|clock_RAM, cacheL1:cache|wren_RAM                                   ;
; cacheL1:cache|cache[2][1][3] ; Lost Fanouts       ; cacheL1:cache|data_RAM[3]                                                         ;
; cacheL1:cache|cache[2][1][2] ; Lost Fanouts       ; cacheL1:cache|data_RAM[2]                                                         ;
; cacheL1:cache|cache[2][1][1] ; Lost Fanouts       ; cacheL1:cache|data_RAM[1]                                                         ;
; cacheL1:cache|cache[2][1][0] ; Lost Fanouts       ; cacheL1:cache|data_RAM[0]                                                         ;
; cacheL1:cache|data_RAM[7]    ; Lost Fanouts       ; cacheL1:cache|dirty[0]                                                            ;
+------------------------------+--------------------+-----------------------------------------------------------------------------------+


+------------------------------------------------------+
; General Register Statistics                          ;
+----------------------------------------------+-------+
; Statistic                                    ; Value ;
+----------------------------------------------+-------+
; Total registers                              ; 0     ;
; Number of registers using Synchronous Clear  ; 0     ;
; Number of registers using Synchronous Load   ; 0     ;
; Number of registers using Asynchronous Clear ; 0     ;
; Number of registers using Asynchronous Load  ; 0     ;
; Number of registers using Clock Enable       ; 0     ;
; Number of registers using Preset             ; 0     ;
+----------------------------------------------+-------+


+-------------------------------------------------------------------------------------------------------------+
; Source assignments for cacheL1:cache|ram:RAM|altsyncram:altsyncram_component|altsyncram_7de1:auto_generated ;
+---------------------------------+--------------------+------+-----------------------------------------------+
; Assignment                      ; Value              ; From ; To                                            ;
+---------------------------------+--------------------+------+-----------------------------------------------+
; OPTIMIZE_POWER_DURING_SYNTHESIS ; NORMAL_COMPILATION ; -    ; -                                             ;
+---------------------------------+--------------------+------+-----------------------------------------------+


+----------------------------------------------------------------------------------------------------+
; Parameter Settings for User Entity Instance: cacheL1:cache|ram:RAM|altsyncram:altsyncram_component ;
+------------------------------------+----------------------+----------------------------------------+
; Parameter Name                     ; Value                ; Type                                   ;
+------------------------------------+----------------------+----------------------------------------+
; BYTE_SIZE_BLOCK                    ; 8                    ; Untyped                                ;
; AUTO_CARRY_CHAINS                  ; ON                   ; AUTO_CARRY                             ;
; IGNORE_CARRY_BUFFERS               ; OFF                  ; IGNORE_CARRY                           ;
; AUTO_CASCADE_CHAINS                ; ON                   ; AUTO_CASCADE                           ;
; IGNORE_CASCADE_BUFFERS             ; OFF                  ; IGNORE_CASCADE                         ;
; WIDTH_BYTEENA                      ; 1                    ; Untyped                                ;
; OPERATION_MODE                     ; SINGLE_PORT          ; Untyped                                ;
; WIDTH_A                            ; 8                    ; Signed Integer                         ;
; WIDTHAD_A                          ; 5                    ; Signed Integer                         ;
; NUMWORDS_A                         ; 32                   ; Signed Integer                         ;
; OUTDATA_REG_A                      ; UNREGISTERED         ; Untyped                                ;
; ADDRESS_ACLR_A                     ; NONE                 ; Untyped                                ;
; OUTDATA_ACLR_A                     ; NONE                 ; Untyped                                ;
; WRCONTROL_ACLR_A                   ; NONE                 ; Untyped                                ;
; INDATA_ACLR_A                      ; NONE                 ; Untyped                                ;
; BYTEENA_ACLR_A                     ; NONE                 ; Untyped                                ;
; WIDTH_B                            ; 1                    ; Untyped                                ;
; WIDTHAD_B                          ; 1                    ; Untyped                                ;
; NUMWORDS_B                         ; 1                    ; Untyped                                ;
; INDATA_REG_B                       ; CLOCK1               ; Untyped                                ;
; WRCONTROL_WRADDRESS_REG_B          ; CLOCK1               ; Untyped                                ;
; RDCONTROL_REG_B                    ; CLOCK1               ; Untyped                                ;
; ADDRESS_REG_B                      ; CLOCK1               ; Untyped                                ;
; OUTDATA_REG_B                      ; UNREGISTERED         ; Untyped                                ;
; BYTEENA_REG_B                      ; CLOCK1               ; Untyped                                ;
; INDATA_ACLR_B                      ; NONE                 ; Untyped                                ;
; WRCONTROL_ACLR_B                   ; NONE                 ; Untyped                                ;
; ADDRESS_ACLR_B                     ; NONE                 ; Untyped                                ;
; OUTDATA_ACLR_B                     ; NONE                 ; Untyped                                ;
; RDCONTROL_ACLR_B                   ; NONE                 ; Untyped                                ;
; BYTEENA_ACLR_B                     ; NONE                 ; Untyped                                ;
; WIDTH_BYTEENA_A                    ; 1                    ; Signed Integer                         ;
; WIDTH_BYTEENA_B                    ; 1                    ; Untyped                                ;
; RAM_BLOCK_TYPE                     ; M4K                  ; Untyped                                ;
; BYTE_SIZE                          ; 8                    ; Untyped                                ;
; READ_DURING_WRITE_MODE_MIXED_PORTS ; DONT_CARE            ; Untyped                                ;
; READ_DURING_WRITE_MODE_PORT_A      ; NEW_DATA_NO_NBE_READ ; Untyped                                ;
; READ_DURING_WRITE_MODE_PORT_B      ; NEW_DATA_NO_NBE_READ ; Untyped                                ;
; INIT_FILE                          ; MIF.mif              ; Untyped                                ;
; INIT_FILE_LAYOUT                   ; PORT_A               ; Untyped                                ;
; MAXIMUM_DEPTH                      ; 0                    ; Untyped                                ;
; CLOCK_ENABLE_INPUT_A               ; BYPASS               ; Untyped                                ;
; CLOCK_ENABLE_INPUT_B               ; NORMAL               ; Untyped                                ;
; CLOCK_ENABLE_OUTPUT_A              ; BYPASS               ; Untyped                                ;
; CLOCK_ENABLE_OUTPUT_B              ; NORMAL               ; Untyped                                ;
; CLOCK_ENABLE_CORE_A                ; USE_INPUT_CLKEN      ; Untyped                                ;
; CLOCK_ENABLE_CORE_B                ; USE_INPUT_CLKEN      ; Untyped                                ;
; ENABLE_ECC                         ; FALSE                ; Untyped                                ;
; ECC_PIPELINE_STAGE_ENABLED         ; FALSE                ; Untyped                                ;
; WIDTH_ECCSTATUS                    ; 3                    ; Untyped                                ;
; DEVICE_FAMILY                      ; Cyclone II           ; Untyped                                ;
; CBXI_PARAMETER                     ; altsyncram_7de1      ; Untyped                                ;
+------------------------------------+----------------------+----------------------------------------+
Note: In order to hide this table in the UI and the text report file, please set the "Show Parameter Settings in Synthesis Report" option in "Analysis and Synthesis Settings -> More Settings" to "Off".


+---------------------------------------------------------------------------------------------------+
; altsyncram Parameter Settings by Entity Instance                                                  ;
+-------------------------------------------+-------------------------------------------------------+
; Name                                      ; Value                                                 ;
+-------------------------------------------+-------------------------------------------------------+
; Number of entity instances                ; 1                                                     ;
; Entity Instance                           ; cacheL1:cache|ram:RAM|altsyncram:altsyncram_component ;
;     -- OPERATION_MODE                     ; SINGLE_PORT                                           ;
;     -- WIDTH_A                            ; 8                                                     ;
;     -- NUMWORDS_A                         ; 32                                                    ;
;     -- OUTDATA_REG_A                      ; UNREGISTERED                                          ;
;     -- WIDTH_B                            ; 1                                                     ;
;     -- NUMWORDS_B                         ; 1                                                     ;
;     -- ADDRESS_REG_B                      ; CLOCK1                                                ;
;     -- OUTDATA_REG_B                      ; UNREGISTERED                                          ;
;     -- RAM_BLOCK_TYPE                     ; M4K                                                   ;
;     -- READ_DURING_WRITE_MODE_MIXED_PORTS ; DONT_CARE                                             ;
+-------------------------------------------+-------------------------------------------------------+


+-------------------------------+
; Elapsed Time Per Partition    ;
+----------------+--------------+
; Partition Name ; Elapsed Time ;
+----------------+--------------+
; Top            ; 00:00:00     ;
+----------------+--------------+


+-------------------------------+
; Analysis & Synthesis Messages ;
+-------------------------------+
Info: *******************************************************************
Info: Running Quartus II 64-Bit Analysis & Synthesis
    Info: Version 13.0.1 Build 232 06/12/2013 Service Pack 1 SJ Web Edition
    Info: Processing started: Mon Aug 23 10:19:04 2021
Info: Command: quartus_map --read_settings_files=on --write_settings_files=off parte3 -c parte3
Warning (20028): Parallel compilation is not licensed and has been disabled
Info (12021): Found 1 design units, including 1 entities, in source file ram.v
    Info (12023): Found entity 1: ram
Info (12021): Found 2 design units, including 2 entities, in source file parte3.v
    Info (12023): Found entity 1: cacheL1
    Info (12023): Found entity 2: parte3
Info (12127): Elaborating entity "parte3" for the top level hierarchy
Warning (10034): Output port "saidaRAM" at parte3.v(296) has no driver
Info (12128): Elaborating entity "cacheL1" for hierarchy "cacheL1:cache"
Warning (10036): Verilog HDL or VHDL warning at parte3.v(27): object "saidaCache" assigned a value but never read
Warning (10230): Verilog HDL assignment warning at parte3.v(105): truncated value with size 32 to match size of target (2)
Warning (10230): Verilog HDL assignment warning at parte3.v(127): truncated value with size 32 to match size of target (2)
Warning (10230): Verilog HDL assignment warning at parte3.v(231): truncated value with size 8 to match size of target (5)
Warning (10230): Verilog HDL assignment warning at parte3.v(249): truncated value with size 8 to match size of target (5)
Info (10008): Verilog HDL or VHDL information: EDA Netlist Writer cannot regroup multidimensional array "cache" into its bus
Info (12128): Elaborating entity "ram" for hierarchy "cacheL1:cache|ram:RAM"
Info (12128): Elaborating entity "altsyncram" for hierarchy "cacheL1:cache|ram:RAM|altsyncram:altsyncram_component"
Info (12130): Elaborated megafunction instantiation "cacheL1:cache|ram:RAM|altsyncram:altsyncram_component"
Info (12133): Instantiated megafunction "cacheL1:cache|ram:RAM|altsyncram:altsyncram_component" with the following parameter:
    Info (12134): Parameter "clock_enable_input_a" = "BYPASS"
    Info (12134): Parameter "clock_enable_output_a" = "BYPASS"
    Info (12134): Parameter "init_file" = "MIF.mif"
    Info (12134): Parameter "intended_device_family" = "Cyclone II"
    Info (12134): Parameter "lpm_hint" = "ENABLE_RUNTIME_MOD=NO"
    Info (12134): Parameter "lpm_type" = "altsyncram"
    Info (12134): Parameter "numwords_a" = "32"
    Info (12134): Parameter "operation_mode" = "SINGLE_PORT"
    Info (12134): Parameter "outdata_aclr_a" = "NONE"
    Info (12134): Parameter "outdata_reg_a" = "UNREGISTERED"
    Info (12134): Parameter "power_up_uninitialized" = "FALSE"
    Info (12134): Parameter "ram_block_type" = "M4K"
    Info (12134): Parameter "widthad_a" = "5"
    Info (12134): Parameter "width_a" = "8"
    Info (12134): Parameter "width_byteena_a" = "1"
Info (12021): Found 1 design units, including 1 entities, in source file db/altsyncram_7de1.tdf
    Info (12023): Found entity 1: altsyncram_7de1
Info (12128): Elaborating entity "altsyncram_7de1" for hierarchy "cacheL1:cache|ram:RAM|altsyncram:altsyncram_component|altsyncram_7de1:auto_generated"
Warning (14284): Synthesized away the following node(s):
    Warning (14285): Synthesized away the following RAM node(s):
        Warning (14320): Synthesized away node "cacheL1:cache|ram:RAM|altsyncram:altsyncram_component|altsyncram_7de1:auto_generated|q_a[0]"
        Warning (14320): Synthesized away node "cacheL1:cache|ram:RAM|altsyncram:altsyncram_component|altsyncram_7de1:auto_generated|q_a[1]"
        Warning (14320): Synthesized away node "cacheL1:cache|ram:RAM|altsyncram:altsyncram_component|altsyncram_7de1:auto_generated|q_a[2]"
        Warning (14320): Synthesized away node "cacheL1:cache|ram:RAM|altsyncram:altsyncram_component|altsyncram_7de1:auto_generated|q_a[3]"
        Warning (14320): Synthesized away node "cacheL1:cache|ram:RAM|altsyncram:altsyncram_component|altsyncram_7de1:auto_generated|q_a[4]"
        Warning (14320): Synthesized away node "cacheL1:cache|ram:RAM|altsyncram:altsyncram_component|altsyncram_7de1:auto_generated|q_a[5]"
        Warning (14320): Synthesized away node "cacheL1:cache|ram:RAM|altsyncram:altsyncram_component|altsyncram_7de1:auto_generated|q_a[6]"
        Warning (14320): Synthesized away node "cacheL1:cache|ram:RAM|altsyncram:altsyncram_component|altsyncram_7de1:auto_generated|q_a[7]"
Warning (13024): Output pins are stuck at VCC or GND
    Warning (13410): Pin "saidaRAM[0]" is stuck at GND
    Warning (13410): Pin "saidaRAM[1]" is stuck at GND
    Warning (13410): Pin "saidaRAM[2]" is stuck at GND
    Warning (13410): Pin "saidaRAM[3]" is stuck at GND
    Warning (13410): Pin "saidaRAM[4]" is stuck at GND
    Warning (13410): Pin "saidaRAM[5]" is stuck at GND
    Warning (13410): Pin "saidaRAM[6]" is stuck at GND
    Warning (13410): Pin "saidaRAM[7]" is stuck at GND
Info (17049): 140 registers lost all their fanouts during netlist optimizations.
Info (16010): Generating hard_block partition "hard_block:auto_generated_inst"
    Info (16011): Adding 0 node(s), including 0 DDIO, 0 PLL, 0 transceiver and 0 LCELL
Warning (21074): Design contains 15 input pin(s) that do not drive logic
    Warning (15610): No output dependent on input pin "address[0]"
    Warning (15610): No output dependent on input pin "address[1]"
    Warning (15610): No output dependent on input pin "address[2]"
    Warning (15610): No output dependent on input pin "address[3]"
    Warning (15610): No output dependent on input pin "address[4]"
    Warning (15610): No output dependent on input pin "clock"
    Warning (15610): No output dependent on input pin "data[0]"
    Warning (15610): No output dependent on input pin "data[1]"
    Warning (15610): No output dependent on input pin "data[2]"
    Warning (15610): No output dependent on input pin "data[3]"
    Warning (15610): No output dependent on input pin "data[4]"
    Warning (15610): No output dependent on input pin "data[5]"
    Warning (15610): No output dependent on input pin "data[6]"
    Warning (15610): No output dependent on input pin "data[7]"
    Warning (15610): No output dependent on input pin "wren"
Info (21057): Implemented 23 device resources after synthesis - the final resource count might be different
    Info (21058): Implemented 15 input pins
    Info (21059): Implemented 8 output pins
Info: Quartus II 64-Bit Analysis & Synthesis was successful. 0 errors, 42 warnings
    Info: Peak virtual memory: 4614 megabytes
    Info: Processing ended: Mon Aug 23 10:19:05 2021
    Info: Elapsed time: 00:00:01
    Info: Total CPU time (on all processors): 00:00:01


